Determining if files GL/glu.h exist failed with the following output:
Change Dir: /home/techster/projects/png-decoder-cpp/libs/fltk-1.3.9/CMakeFiles/CMakeScratch/TryCompile-iIBWNV

Run Build Command(s):/usr/bin/gmake -f Makefile cmTC_61808/fast && /usr/bin/gmake  -f CMakeFiles/cmTC_61808.dir/build.make CMakeFiles/cmTC_61808.dir/build
gmake[1]: Entering directory '/home/techster/projects/png-decoder-cpp/libs/fltk-1.3.9/CMakeFiles/CMakeScratch/TryCompile-iIBWNV'
Building C object CMakeFiles/cmTC_61808.dir/HAVE_GL_GLU_H.c.o
/usr/bin/cc    -o CMakeFiles/cmTC_61808.dir/HAVE_GL_GLU_H.c.o -c /home/techster/projects/png-decoder-cpp/libs/fltk-1.3.9/CMakeFiles/CMakeScratch/TryCompile-iIBWNV/HAVE_GL_GLU_H.c
/home/techster/projects/png-decoder-cpp/libs/fltk-1.3.9/CMakeFiles/CMakeScratch/TryCompile-iIBWNV/HAVE_GL_GLU_H.c:2:10: fatal error: GL/glu.h: No such file or directory
    2 | #include <GL/glu.h>
      |          ^~~~~~~~~~
compilation terminated.
gmake[1]: *** [CMakeFiles/cmTC_61808.dir/build.make:78: CMakeFiles/cmTC_61808.dir/HAVE_GL_GLU_H.c.o] Error 1
gmake[1]: Leaving directory '/home/techster/projects/png-decoder-cpp/libs/fltk-1.3.9/CMakeFiles/CMakeScratch/TryCompile-iIBWNV'
gmake: *** [Makefile:127: cmTC_61808/fast] Error 2


Source:
/* */
#include <GL/glu.h>


int main(void){return 0;}

Determining if files OpenGL/glu.h exist failed with the following output:
Change Dir: /home/techster/projects/png-decoder-cpp/libs/fltk-1.3.9/CMakeFiles/CMakeScratch/TryCompile-l1JhiS

Run Build Command(s):/usr/bin/gmake -f Makefile cmTC_801a5/fast && /usr/bin/gmake  -f CMakeFiles/cmTC_801a5.dir/build.make CMakeFiles/cmTC_801a5.dir/build
gmake[1]: Entering directory '/home/techster/projects/png-decoder-cpp/libs/fltk-1.3.9/CMakeFiles/CMakeScratch/TryCompile-l1JhiS'
Building C object CMakeFiles/cmTC_801a5.dir/HAVE_OPENGL_GLU_H.c.o
/usr/bin/cc    -o CMakeFiles/cmTC_801a5.dir/HAVE_OPENGL_GLU_H.c.o -c /home/techster/projects/png-decoder-cpp/libs/fltk-1.3.9/CMakeFiles/CMakeScratch/TryCompile-l1JhiS/HAVE_OPENGL_GLU_H.c
/home/techster/projects/png-decoder-cpp/libs/fltk-1.3.9/CMakeFiles/CMakeScratch/TryCompile-l1JhiS/HAVE_OPENGL_GLU_H.c:2:10: fatal error: OpenGL/glu.h: No such file or directory
    2 | #include <OpenGL/glu.h>
      |          ^~~~~~~~~~~~~~
compilation terminated.
gmake[1]: *** [CMakeFiles/cmTC_801a5.dir/build.make:78: CMakeFiles/cmTC_801a5.dir/HAVE_OPENGL_GLU_H.c.o] Error 1
gmake[1]: Leaving directory '/home/techster/projects/png-decoder-cpp/libs/fltk-1.3.9/CMakeFiles/CMakeScratch/TryCompile-l1JhiS'
gmake: *** [Makefile:127: cmTC_801a5/fast] Error 2


Source:
/* */
#include <OpenGL/glu.h>


int main(void){return 0;}

Determining if files sys/stdtypes.h exist failed with the following output:
Change Dir: /home/techster/projects/png-decoder-cpp/libs/fltk-1.3.9/CMakeFiles/CMakeScratch/TryCompile-KwTtLF

Run Build Command(s):/usr/bin/gmake -f Makefile cmTC_d15b5/fast && /usr/bin/gmake  -f CMakeFiles/cmTC_d15b5.dir/build.make CMakeFiles/cmTC_d15b5.dir/build
gmake[1]: Entering directory '/home/techster/projects/png-decoder-cpp/libs/fltk-1.3.9/CMakeFiles/CMakeScratch/TryCompile-KwTtLF'
Building C object CMakeFiles/cmTC_d15b5.dir/HAVE_SYS_STDTYPES_H.c.o
/usr/bin/cc    -o CMakeFiles/cmTC_d15b5.dir/HAVE_SYS_STDTYPES_H.c.o -c /home/techster/projects/png-decoder-cpp/libs/fltk-1.3.9/CMakeFiles/CMakeScratch/TryCompile-KwTtLF/HAVE_SYS_STDTYPES_H.c
/home/techster/projects/png-decoder-cpp/libs/fltk-1.3.9/CMakeFiles/CMakeScratch/TryCompile-KwTtLF/HAVE_SYS_STDTYPES_H.c:2:10: fatal error: sys/stdtypes.h: No such file or directory
    2 | #include <sys/stdtypes.h>
      |          ^~~~~~~~~~~~~~~~
compilation terminated.
gmake[1]: *** [CMakeFiles/cmTC_d15b5.dir/build.make:78: CMakeFiles/cmTC_d15b5.dir/HAVE_SYS_STDTYPES_H.c.o] Error 1
gmake[1]: Leaving directory '/home/techster/projects/png-decoder-cpp/libs/fltk-1.3.9/CMakeFiles/CMakeScratch/TryCompile-KwTtLF'
gmake: *** [Makefile:127: cmTC_d15b5/fast] Error 2


Source:
/* */
#include <sys/stdtypes.h>


int main(void){return 0;}

Determining if the function strlcat exists failed with the following output:
Change Dir: /home/techster/projects/png-decoder-cpp/libs/fltk-1.3.9/CMakeFiles/CMakeScratch/TryCompile-Wk60Y1

Run Build Command(s):/usr/bin/gmake -f Makefile cmTC_ec3f6/fast && /usr/bin/gmake  -f CMakeFiles/cmTC_ec3f6.dir/build.make CMakeFiles/cmTC_ec3f6.dir/build
gmake[1]: Entering directory '/home/techster/projects/png-decoder-cpp/libs/fltk-1.3.9/CMakeFiles/CMakeScratch/TryCompile-Wk60Y1'
Building C object CMakeFiles/cmTC_ec3f6.dir/CheckFunctionExists.c.o
/usr/bin/cc   -DCHECK_FUNCTION_EXISTS=strlcat -o CMakeFiles/cmTC_ec3f6.dir/CheckFunctionExists.c.o -c /home/techster/projects/png-decoder-cpp/libs/fltk-1.3.9/CMakeFiles/CMakeScratch/TryCompile-Wk60Y1/CheckFunctionExists.c
Linking C executable cmTC_ec3f6
/usr/bin/cmake -E cmake_link_script CMakeFiles/cmTC_ec3f6.dir/link.txt --verbose=1
/usr/bin/cc  -DCHECK_FUNCTION_EXISTS=strlcat CMakeFiles/cmTC_ec3f6.dir/CheckFunctionExists.c.o -o cmTC_ec3f6 
/usr/bin/ld: CMakeFiles/cmTC_ec3f6.dir/CheckFunctionExists.c.o: in function `main':
CheckFunctionExists.c:(.text+0x10): undefined reference to `strlcat'
collect2: error: ld returned 1 exit status
gmake[1]: *** [CMakeFiles/cmTC_ec3f6.dir/build.make:99: cmTC_ec3f6] Error 1
gmake[1]: Leaving directory '/home/techster/projects/png-decoder-cpp/libs/fltk-1.3.9/CMakeFiles/CMakeScratch/TryCompile-Wk60Y1'
gmake: *** [Makefile:127: cmTC_ec3f6/fast] Error 2



Determining if the function strlcpy exists failed with the following output:
Change Dir: /home/techster/projects/png-decoder-cpp/libs/fltk-1.3.9/CMakeFiles/CMakeScratch/TryCompile-swmbef

Run Build Command(s):/usr/bin/gmake -f Makefile cmTC_23a7c/fast && /usr/bin/gmake  -f CMakeFiles/cmTC_23a7c.dir/build.make CMakeFiles/cmTC_23a7c.dir/build
gmake[1]: Entering directory '/home/techster/projects/png-decoder-cpp/libs/fltk-1.3.9/CMakeFiles/CMakeScratch/TryCompile-swmbef'
Building C object CMakeFiles/cmTC_23a7c.dir/CheckFunctionExists.c.o
/usr/bin/cc   -DCHECK_FUNCTION_EXISTS=strlcpy -o CMakeFiles/cmTC_23a7c.dir/CheckFunctionExists.c.o -c /home/techster/projects/png-decoder-cpp/libs/fltk-1.3.9/CMakeFiles/CMakeScratch/TryCompile-swmbef/CheckFunctionExists.c
Linking C executable cmTC_23a7c
/usr/bin/cmake -E cmake_link_script CMakeFiles/cmTC_23a7c.dir/link.txt --verbose=1
/usr/bin/cc  -DCHECK_FUNCTION_EXISTS=strlcpy CMakeFiles/cmTC_23a7c.dir/CheckFunctionExists.c.o -o cmTC_23a7c 
/usr/bin/ld: CMakeFiles/cmTC_23a7c.dir/CheckFunctionExists.c.o: in function `main':
CheckFunctionExists.c:(.text+0x10): undefined reference to `strlcpy'
collect2: error: ld returned 1 exit status
gmake[1]: *** [CMakeFiles/cmTC_23a7c.dir/build.make:99: cmTC_23a7c] Error 1
gmake[1]: Leaving directory '/home/techster/projects/png-decoder-cpp/libs/fltk-1.3.9/CMakeFiles/CMakeScratch/TryCompile-swmbef'
gmake: *** [Makefile:127: cmTC_23a7c/fast] Error 2



